[debug] [2023-11-25T16:45:47.871Z] ----------------------------------------------------------------------
[debug] [2023-11-25T16:45:47.875Z] Command:       C:\Program Files\nodejs\node.exe C:\Users\hp\AppData\Roaming\npm\node_modules\firebase-tools\lib\bin\firebase.js init
[debug] [2023-11-25T16:45:47.876Z] CLI Version:   12.9.1
[debug] [2023-11-25T16:45:47.876Z] Platform:      win32
[debug] [2023-11-25T16:45:47.877Z] Node Version:  v16.17.0
[debug] [2023-11-25T16:45:47.879Z] Time:          Sat Nov 25 2023 22:15:47 GMT+0530 (India Standard Time)
[debug] [2023-11-25T16:45:47.879Z] ----------------------------------------------------------------------
[debug] 
[debug] [2023-11-25T16:45:47.889Z] > command requires scopes: ["email","openid","https://www.googleapis.com/auth/cloudplatformprojects.readonly","https://www.googleapis.com/auth/firebase","https://www.googleapis.com/auth/cloud-platform"]
[debug] [2023-11-25T16:45:47.889Z] > authorizing via signed-in user (digvijay2018it038abesit@gmail.com)
[info] 
     ######## #### ########  ######## ########     ###     ######  ########
     ##        ##  ##     ## ##       ##     ##  ##   ##  ##       ##
     ######    ##  ########  ######   ########  #########  ######  ######
     ##        ##  ##    ##  ##       ##     ## ##     ##       ## ##
     ##       #### ##     ## ######## ########  ##     ##  ######  ########

You're about to initialize a Firebase project in this directory:

  D:\Projects\React\photofolio_my_personal_photo_gallery

[debug] [2023-11-25T16:46:16.908Z] ----------------------------------------------------------------------
[debug] [2023-11-25T16:46:16.912Z] Command:       C:\Program Files\nodejs\node.exe C:\Users\hp\AppData\Roaming\npm\node_modules\firebase-tools\lib\bin\firebase.js init
[debug] [2023-11-25T16:46:16.913Z] CLI Version:   12.9.1
[debug] [2023-11-25T16:46:16.913Z] Platform:      win32
[debug] [2023-11-25T16:46:16.914Z] Node Version:  v16.17.0
[debug] [2023-11-25T16:46:16.915Z] Time:          Sat Nov 25 2023 22:16:16 GMT+0530 (India Standard Time)
[debug] [2023-11-25T16:46:16.916Z] ----------------------------------------------------------------------
[debug] 
[debug] [2023-11-25T16:46:16.926Z] > command requires scopes: ["email","openid","https://www.googleapis.com/auth/cloudplatformprojects.readonly","https://www.googleapis.com/auth/firebase","https://www.googleapis.com/auth/cloud-platform"]
[debug] [2023-11-25T16:46:16.926Z] > authorizing via signed-in user (digvijay2018it038abesit@gmail.com)
[info] 
     ######## #### ########  ######## ########     ###     ######  ########
     ##        ##  ##     ## ##       ##     ##  ##   ##  ##       ##
     ######    ##  ########  ######   ########  #########  ######  ######
     ##        ##  ##    ##  ##       ##     ## ##     ##       ## ##
     ##       #### ##     ## ######## ########  ##     ##  ######  ########

You're about to initialize a Firebase project in this directory:

  D:\Projects\React\photofolio_my_personal_photo_gallery

